<?xml version="1.0" encoding="UTF-8"?>
<testsuite xmlns:xsi="http://www.w3.org/2001/XMLSchema-instance" xsi:noNamespaceSchemaLocation="https://maven.apache.org/surefire/maven-surefire-plugin/xsd/surefire-test-report-3.0.xsd" version="3.0" name="org.acme.camel.MyApplicationTest" time="0.803" tests="1" errors="0" skipped="0" failures="0">
  <properties>
[...]
</properties>
  <testcase name="should_complete_the_auto_detected_route" classname="org.acme.camel.MyApplicationTest" time="0.544">
    <system-out><![CDATA[[                          main] CamelTestSupport               INFO  ********************************************************************************
[                          main] CamelTestSupport               INFO  Testing: should_complete_the_auto_detected_route() (org.acme.camel.MyApplicationTest)
[                          main] CamelTestSupport               INFO  ********************************************************************************
[                          main] BaseMainSupport                INFO  Classpath scanning enabled from base package: org.acme.camel
[                          main] AbstractCamelContext           INFO  Apache Camel 3.18.3 (camel-1) is starting
[                          main] log                            INFO  Logging initialized @1085ms to org.eclipse.jetty.util.log.Slf4jLog
[                          main] JettyHttpComponent             WARN  You use localhost interface! It means that no external connections will be available. Don't you want to use 0.0.0.0 instead (all network interfaces)? jetty:http://localhost:8080/weather?httpMethodRestrict=GET
[                          main] Server                         INFO  jetty-9.4.49.v20220914; built: 2022-09-14T01:07:36.601Z; git: 4231a3b2e4cb8548a412a789936d640a97b1aa0a; jvm 11.0.17+8-post-Ubuntu-1ubuntu222.04
[                          main] ContextHandler                 INFO  Started o.e.j.s.ServletContextHandler@75181b50{/,null,AVAILABLE}
[                          main] AbstractConnector              INFO  Started ServerConnector@6920614{HTTP/1.1, (http/1.1)}{localhost:8080}
[                          main] Server                         INFO  Started @1174ms
[                          main] BaseMainSupport                INFO  Property-placeholders summary
[                          main] BaseMainSupport                INFO      [application.properties]       googleMaps.apiKey=your key
[                          main] AbstractCamelContext           INFO  Routes startup (started:1)
[                          main] AbstractCamelContext           INFO      Started route1 (jetty:http://localhost:8080/weather)
[                          main] AbstractCamelContext           INFO  Apache Camel 3.18.3 (camel-1) started in 369ms (build:34ms init:203ms start:132ms)
[                          main] CamelTestSupport               INFO  ********************************************************************************
[                          main] CamelTestSupport               INFO  Testing done: should_complete_the_auto_detected_route() (org.acme.camel.MyApplicationTest)
[                          main] CamelTestSupport               INFO  Took: 2ms (2 millis)
[                          main] CamelTestSupport               INFO  ********************************************************************************
[                          main] AbstractCamelContext           INFO  Apache Camel 3.18.3 (camel-1) is shutting down (timeout:10s)
[el-1) thread #1 - ShutdownTask] AbstractConnector              INFO  Stopped ServerConnector@6920614{HTTP/1.1, (http/1.1)}{localhost:8080}
[el-1) thread #1 - ShutdownTask] ContextHandler                 INFO  Stopped o.e.j.s.ServletContextHandler@75181b50{/,null,STOPPED}
[                          main] AbstractCamelContext           INFO  Routes stopped (stopped:1)
[                          main] AbstractCamelContext           INFO      Stopped route1 (jetty:http://localhost:8080/weather)
[                          main] AbstractCamelContext           INFO  Apache Camel 3.18.3 (camel-1) shutdown in 19ms (uptime:0s)
]]></system-out>
  </testcase>
</testsuite>